[server]2023/05/01 - 10:42:52.213	[34minfo[0m	/home/whitestorm/workspace/reconciliation-block/server/initialize/gorm.go:74	register table success
[server]2023/05/01 - 10:42:52.215	[34minfo[0m	/home/whitestorm/workspace/reconciliation-block/server/initialize/router.go:41	register swagger handler
[server]2023/05/01 - 10:42:52.216	[34minfo[0m	/home/whitestorm/workspace/reconciliation-block/server/initialize/router.go:90	router register success
[server]2023/05/01 - 10:42:52.216	[34minfo[0m	/home/whitestorm/workspace/reconciliation-block/server/core/server.go:36	server run success on 	{"address": ":8888"}
[server]2023/05/01 - 16:16:40.880	[34minfo[0m	/home/whitestorm/workspace/reconciliation-block/server/initialize/gorm.go:74	register table success
[server]2023/05/01 - 16:16:40.882	[34minfo[0m	/home/whitestorm/workspace/reconciliation-block/server/initialize/router.go:41	register swagger handler
[server]2023/05/01 - 16:16:40.883	[34minfo[0m	/home/whitestorm/workspace/reconciliation-block/server/initialize/router.go:90	router register success
[server]2023/05/01 - 16:16:40.883	[34minfo[0m	/home/whitestorm/workspace/reconciliation-block/server/core/server.go:36	server run success on 	{"address": ":8888"}
[server]2023/05/01 - 16:44:07.277	[34minfo[0m	/home/whitestorm/workspace/reconciliation-block/server/initialize/gorm.go:74	register table success
[server]2023/05/01 - 16:44:07.279	[34minfo[0m	/home/whitestorm/workspace/reconciliation-block/server/initialize/router.go:41	register swagger handler
[server]2023/05/01 - 16:44:07.280	[34minfo[0m	/home/whitestorm/workspace/reconciliation-block/server/initialize/router.go:90	router register success
[server]2023/05/01 - 16:44:07.280	[34minfo[0m	/home/whitestorm/workspace/reconciliation-block/server/core/server.go:36	server run success on 	{"address": ":8888"}
[server]2023/05/01 - 18:49:25.356	[34minfo[0m	/home/whitestorm/workspace/reconciliation-block/server/initialize/gorm.go:74	register table success
[server]2023/05/01 - 18:49:25.368	[34minfo[0m	/home/whitestorm/workspace/reconciliation-block/server/initialize/router.go:41	register swagger handler
[server]2023/05/01 - 18:49:25.370	[34minfo[0m	/home/whitestorm/workspace/reconciliation-block/server/initialize/router.go:90	router register success
[server]2023/05/01 - 18:49:25.370	[34minfo[0m	/home/whitestorm/workspace/reconciliation-block/server/core/server.go:36	server run success on 	{"address": ":8888"}
[server]2023/05/01 - 19:05:13.461	[34minfo[0m	/home/whitestorm/workspace/reconciliation-block/server/initialize/gorm.go:74	register table success
[server]2023/05/01 - 19:05:13.463	[34minfo[0m	/home/whitestorm/workspace/reconciliation-block/server/initialize/router.go:41	register swagger handler
[server]2023/05/01 - 19:05:13.465	[34minfo[0m	/home/whitestorm/workspace/reconciliation-block/server/initialize/router.go:90	router register success
[server]2023/05/01 - 19:05:13.465	[34minfo[0m	/home/whitestorm/workspace/reconciliation-block/server/core/server.go:36	server run success on 	{"address": ":8888"}
[server]2023/05/01 - 19:08:06.870	[34minfo[0m	/home/whitestorm/workspace/reconciliation-block/server/initialize/gorm.go:74	register table success
[server]2023/05/01 - 19:08:06.881	[34minfo[0m	/home/whitestorm/workspace/reconciliation-block/server/initialize/router.go:41	register swagger handler
[server]2023/05/01 - 19:08:06.884	[34minfo[0m	/home/whitestorm/workspace/reconciliation-block/server/initialize/router.go:90	router register success
[server]2023/05/01 - 19:08:06.884	[34minfo[0m	/home/whitestorm/workspace/reconciliation-block/server/core/server.go:36	server run success on 	{"address": ":8888"}
[server]2023/05/01 - 19:34:19.544	[34minfo[0m	/home/whitestorm/workspace/reconciliation-block/server/initialize/gorm.go:74	register table success
[server]2023/05/01 - 19:34:19.545	[34minfo[0m	/home/whitestorm/workspace/reconciliation-block/server/initialize/router.go:41	register swagger handler
[server]2023/05/01 - 19:34:19.548	[34minfo[0m	/home/whitestorm/workspace/reconciliation-block/server/initialize/router.go:90	router register success
[server]2023/05/01 - 19:34:19.548	[34minfo[0m	/home/whitestorm/workspace/reconciliation-block/server/core/server.go:36	server run success on 	{"address": ":8888"}
[server]2023/05/01 - 19:37:08.853	[34minfo[0m	/home/whitestorm/workspace/reconciliation-block/server/initialize/gorm.go:74	register table success
[server]2023/05/01 - 19:37:08.854	[34minfo[0m	/home/whitestorm/workspace/reconciliation-block/server/initialize/router.go:41	register swagger handler
[server]2023/05/01 - 19:37:08.856	[34minfo[0m	/home/whitestorm/workspace/reconciliation-block/server/initialize/router.go:90	router register success
[server]2023/05/01 - 19:37:08.856	[34minfo[0m	/home/whitestorm/workspace/reconciliation-block/server/core/server.go:36	server run success on 	{"address": ":8888"}
[server]2023/05/01 - 20:57:35.417	[34minfo[0m	/home/whitestorm/workspace/reconciliation-block/server/initialize/gorm.go:74	register table success
[server]2023/05/01 - 20:57:35.418	[34minfo[0m	/home/whitestorm/workspace/reconciliation-block/server/initialize/router.go:41	register swagger handler
[server]2023/05/01 - 20:57:35.420	[34minfo[0m	/home/whitestorm/workspace/reconciliation-block/server/initialize/router.go:90	router register success
[server]2023/05/01 - 20:57:35.420	[34minfo[0m	/home/whitestorm/workspace/reconciliation-block/server/core/server.go:36	server run success on 	{"address": ":8888"}
[server]2023/05/01 - 20:59:46.506	[34minfo[0m	/home/whitestorm/workspace/reconciliation-block/server/initialize/gorm.go:74	register table success
[server]2023/05/01 - 20:59:46.507	[34minfo[0m	/home/whitestorm/workspace/reconciliation-block/server/initialize/router.go:41	register swagger handler
[server]2023/05/01 - 20:59:46.508	[34minfo[0m	/home/whitestorm/workspace/reconciliation-block/server/initialize/router.go:90	router register success
[server]2023/05/01 - 20:59:46.508	[34minfo[0m	/home/whitestorm/workspace/reconciliation-block/server/core/server.go:36	server run success on 	{"address": ":8888"}
[server]2023/05/01 - 21:27:37.443	[34minfo[0m	/home/whitestorm/workspace/reconciliation-block/server/initialize/gorm.go:74	register table success
[server]2023/05/01 - 21:27:37.445	[34minfo[0m	/home/whitestorm/workspace/reconciliation-block/server/initialize/router.go:41	register swagger handler
[server]2023/05/01 - 21:27:37.450	[34minfo[0m	/home/whitestorm/workspace/reconciliation-block/server/initialize/router.go:90	router register success
[server]2023/05/01 - 21:27:37.450	[34minfo[0m	/home/whitestorm/workspace/reconciliation-block/server/core/server.go:36	server run success on 	{"address": ":8888"}
[server]2023/05/01 - 21:31:41.886	[34minfo[0m	/home/whitestorm/workspace/reconciliation-block/server/initialize/gorm.go:74	register table success
[server]2023/05/01 - 21:31:41.887	[34minfo[0m	/home/whitestorm/workspace/reconciliation-block/server/initialize/router.go:41	register swagger handler
[server]2023/05/01 - 21:31:41.889	[34minfo[0m	/home/whitestorm/workspace/reconciliation-block/server/initialize/router.go:90	router register success
[server]2023/05/01 - 21:31:41.889	[34minfo[0m	/home/whitestorm/workspace/reconciliation-block/server/core/server.go:36	server run success on 	{"address": ":8888"}
[server]2023/05/01 - 21:31:59.021	[34minfo[0m	/home/whitestorm/workspace/reconciliation-block/server/api/v1/reb/storage_contract.go:73	
[server]2023/05/01 - 22:12:40.429	[34minfo[0m	/home/whitestorm/workspace/reconciliation-block/server/api/v1/reb/storage_contract.go:73	0x9C228D7148107E8cA59307ed9c571e93034C5909
[server]2023/05/01 - 22:14:59.458	[34minfo[0m	/home/whitestorm/workspace/reconciliation-block/server/initialize/gorm.go:74	register table success
[server]2023/05/01 - 22:14:59.460	[34minfo[0m	/home/whitestorm/workspace/reconciliation-block/server/initialize/router.go:41	register swagger handler
[server]2023/05/01 - 22:14:59.462	[34minfo[0m	/home/whitestorm/workspace/reconciliation-block/server/initialize/router.go:90	router register success
[server]2023/05/01 - 22:14:59.462	[34minfo[0m	/home/whitestorm/workspace/reconciliation-block/server/core/server.go:36	server run success on 	{"address": ":8888"}
[server]2023/05/01 - 22:15:11.451	[34minfo[0m	/home/whitestorm/workspace/reconciliation-block/server/api/v1/reb/storage_contract.go:63	0xB2d791ce7dfe5eCe961Dbe05aa8B36B15d6884f2
[server]2023/05/01 - 22:15:11.451	[34minfo[0m	/home/whitestorm/workspace/reconciliation-block/server/api/v1/reb/storage_contract.go:72	{"ID":0,"CreatedAt":"0001-01-01T00:00:00Z","UpdatedAt":"0001-01-01T00:00:00Z","name":"test_block111","note":"","address":"0xB2d791ce7dfe5eCe961Dbe05aa8B36B15d6884f2","blockName":"test_block"}
[server]2023/05/01 - 22:29:32.637	[34minfo[0m	/home/whitestorm/workspace/reconciliation-block/server/initialize/gorm.go:74	register table success
[server]2023/05/01 - 22:29:32.639	[34minfo[0m	/home/whitestorm/workspace/reconciliation-block/server/initialize/router.go:41	register swagger handler
[server]2023/05/01 - 22:29:32.640	[34minfo[0m	/home/whitestorm/workspace/reconciliation-block/server/initialize/router.go:90	router register success
[server]2023/05/01 - 22:29:32.640	[34minfo[0m	/home/whitestorm/workspace/reconciliation-block/server/core/server.go:36	server run success on 	{"address": ":8888"}
