[server]2023/03/19 - 13:54:43.411	[31merror[0m	/Users/john/code/reconciliation-system-based-on-blockchain/admin/server/core/server.go:48	accept tcp [::]:8888: use of closed network connection
[server]2023/03/19 - 14:43:16.288	[31merror[0m	/Users/john/code/reconciliation-system-based-on-blockchain/admin/server/api/v1/bill/bill.go:33	json: cannot unmarshal number into Go struct field PageInfo.keyword of type string
[server]2023/03/19 - 14:43:22.417	[31merror[0m	/Users/john/code/reconciliation-system-based-on-blockchain/admin/server/core/server.go:48	accept tcp [::]:8888: use of closed network connection
[server]2023/03/19 - 14:43:36.667	[31merror[0m	/Users/john/code/reconciliation-system-based-on-blockchain/admin/server/api/v1/bill/bill.go:36	json: cannot unmarshal number into Go struct field PageInfo.keyword of type string
[server]2023/03/19 - 14:43:36.667	[31merror[0m	/Users/john/code/reconciliation-system-based-on-blockchain/admin/server/api/v1/bill/bill.go:54	strconv.Atoi: parsing "": invalid syntax
[server]2023/03/19 - 14:44:01.505	[31merror[0m	/Users/john/code/reconciliation-system-based-on-blockchain/admin/server/api/v1/bill/bill.go:54	Error 1054: Unknown column 'approverId' in 'where clause'
[server]2023/03/19 - 14:44:04.659	[31merror[0m	/Users/john/code/reconciliation-system-based-on-blockchain/admin/server/api/v1/bill/bill.go:54	Error 1054: Unknown column 'approverId' in 'where clause'
[server]2023/03/19 - 14:44:09.284	[31merror[0m	/Users/john/code/reconciliation-system-based-on-blockchain/admin/server/api/v1/bill/bill.go:54	Error 1054: Unknown column 'approverId' in 'where clause'
[server]2023/03/19 - 14:44:38.212	[31merror[0m	/Users/john/code/reconciliation-system-based-on-blockchain/admin/server/core/server.go:48	accept tcp [::]:8888: use of closed network connection
[server]2023/03/19 - 14:48:12.217	[31merror[0m	/Users/john/code/reconciliation-system-based-on-blockchain/admin/server/api/v1/bill/bill.go:54	Error 1054: Unknown column 'approverId' in 'where clause'
[server]2023/03/19 - 14:48:19.320	[31merror[0m	/Users/john/code/reconciliation-system-based-on-blockchain/admin/server/api/v1/bill/bill.go:54	Error 1054: Unknown column 'approverId' in 'where clause'
[server]2023/03/19 - 14:49:58.853	[31merror[0m	/Users/john/code/reconciliation-system-based-on-blockchain/admin/server/core/server.go:48	accept tcp [::]:8888: use of closed network connection
[server]2023/03/19 - 14:50:43.025	[31merror[0m	/Users/john/code/reconciliation-system-based-on-blockchain/admin/server/api/v1/bill/bill.go:54	Error 1054: Unknown column 'approverId' in 'where clause'
[server]2023/03/19 - 14:51:07.654	[31merror[0m	/Users/john/code/reconciliation-system-based-on-blockchain/admin/server/api/v1/bill/bill.go:54	Error 1054: Unknown column 'approverId' in 'where clause'
[server]2023/03/19 - 14:51:10.592	[31merror[0m	/Users/john/code/reconciliation-system-based-on-blockchain/admin/server/api/v1/bill/bill.go:54	Error 1054: Unknown column 'approverId' in 'where clause'
[server]2023/03/19 - 14:53:01.377	[31merror[0m	/Users/john/code/reconciliation-system-based-on-blockchain/admin/server/core/server.go:48	net.Listen error: listen tcp :8888: bind: address already in use
[server]2023/03/19 - 14:53:17.567	[31merror[0m	/Users/john/code/reconciliation-system-based-on-blockchain/admin/server/core/server.go:48	accept tcp [::]:8888: use of closed network connection
[server]2023/03/19 - 18:09:45.300	[31merror[0m	/Users/john/code/reconciliation-system-based-on-blockchain/admin/server/api/v1/bill/bill.go:18	json: cannot unmarshal string into Go struct field CreateBill.approverId of type uint
[server]2023/03/19 - 19:25:21.574	[31merror[0m	/Users/john/code/reconciliation-system-based-on-blockchain/admin/server/core/server.go:48	accept tcp [::]:8888: use of closed network connection
[server]2023/03/19 - 19:26:19.825	[31merror[0m	/Users/john/code/reconciliation-system-based-on-blockchain/admin/server/core/server.go:48	accept tcp [::]:8888: use of closed network connection
[server]2023/03/19 - 19:26:49.080	[31merror[0m	/Users/john/code/reconciliation-system-based-on-blockchain/admin/server/core/server.go:48	accept tcp [::]:8888: use of closed network connection
[server]2023/03/19 - 19:30:33.414	[31merror[0m	/Users/john/code/reconciliation-system-based-on-blockchain/admin/server/core/server.go:48	accept tcp [::]:8888: use of closed network connection
[server]2023/03/19 - 19:32:18.696	[31merror[0m	/Users/john/code/reconciliation-system-based-on-blockchain/admin/server/core/server.go:48	accept tcp [::]:8888: use of closed network connection
[server]2023/03/19 - 19:36:18.861	[31merror[0m	/Users/john/code/reconciliation-system-based-on-blockchain/admin/server/core/server.go:48	accept tcp [::]:8888: use of closed network connection
[server]2023/03/19 - 19:39:36.777	[31merror[0m	/Users/john/code/reconciliation-system-based-on-blockchain/admin/server/core/server.go:48	accept tcp [::]:8888: use of closed network connection
[server]2023/03/19 - 19:41:04.377	[31merror[0m	/Users/john/code/reconciliation-system-based-on-blockchain/admin/server/core/server.go:48	accept tcp [::]:8888: use of closed network connection
[server]2023/03/19 - 19:41:12.122	[31merror[0m	/Users/john/code/reconciliation-system-based-on-blockchain/admin/server/api/v1/bill/bill.go:73	EOF
[server]2023/03/19 - 19:41:24.663	[31merror[0m	/Users/john/code/reconciliation-system-based-on-blockchain/admin/server/core/server.go:48	accept tcp [::]:8888: use of closed network connection
[server]2023/03/19 - 19:41:31.546	[31merror[0m	/Users/john/code/reconciliation-system-based-on-blockchain/admin/server/api/v1/bill/bill.go:73	EOF
[server]2023/03/19 - 19:41:57.966	[31merror[0m	/Users/john/code/reconciliation-system-based-on-blockchain/admin/server/core/server.go:48	accept tcp [::]:8888: use of closed network connection
[server]2023/03/19 - 19:42:08.044	[31merror[0m	/Users/john/code/reconciliation-system-based-on-blockchain/admin/server/api/v1/bill/bill.go:73	EOF
[server]2023/03/19 - 19:42:52.799	[31merror[0m	/Users/john/code/reconciliation-system-based-on-blockchain/admin/server/core/server.go:48	accept tcp [::]:8888: use of closed network connection
[server]2023/03/19 - 21:49:17.059	[31merror[0m	/Users/john/code/reconciliation-system-based-on-blockchain/admin/server/api/v1/bill/bill.go:69	json: cannot unmarshal string into Go struct field Bill.adminId of type uint
[server]2023/03/19 - 22:15:14.695	[31merror[0m	/Users/john/code/reconciliation-system-based-on-blockchain/admin/server/core/server.go:48	accept tcp [::]:8888: use of closed network connection
