[server]2023/03/18 - 12:11:12.482	[31merror[0m	/Users/john/code/reconciliation-system-based-on-blockchain/admin/server/core/server.go:48	net.Listen error: listen tcp :8888: bind: address already in use
[server]2023/03/18 - 12:11:35.737	[31merror[0m	/Users/john/code/reconciliation-system-based-on-blockchain/admin/server/core/server.go:48	accept tcp [::]:8888: use of closed network connection
[server]2023/03/18 - 12:48:24.074	[31merror[0m	/Users/john/code/reconciliation-system-based-on-blockchain/admin/server/api/v1/bill/bill.go:18	json: cannot unmarshal string into Go struct field CreateBill.money of type float64
[server]2023/03/18 - 12:48:28.473	[31merror[0m	/Users/john/code/reconciliation-system-based-on-blockchain/admin/server/api/v1/bill/bill.go:18	json: cannot unmarshal string into Go struct field CreateBill.money of type float64
[server]2023/03/18 - 12:48:34.601	[31merror[0m	/Users/john/code/reconciliation-system-based-on-blockchain/admin/server/api/v1/bill/bill.go:18	json: cannot unmarshal string into Go struct field CreateBill.money of type float64
[server]2023/03/18 - 13:12:27.945	[31merror[0m	/Users/john/code/reconciliation-system-based-on-blockchain/admin/server/core/server.go:48	accept tcp [::]:8888: use of closed network connection
[server]2023/03/18 - 13:12:53.616	[31merror[0m	/Users/john/code/reconciliation-system-based-on-blockchain/admin/server/api/v1/bill/bill.go:18	json: cannot unmarshal string into Go struct field CreateBill.applicantUuid of type uint
[server]2023/03/18 - 13:12:58.278	[31merror[0m	/Users/john/code/reconciliation-system-based-on-blockchain/admin/server/api/v1/bill/bill.go:18	json: cannot unmarshal string into Go struct field CreateBill.applicantUuid of type uint
[server]2023/03/18 - 13:13:02.752	[31merror[0m	/Users/john/code/reconciliation-system-based-on-blockchain/admin/server/api/v1/bill/bill.go:18	json: cannot unmarshal string into Go struct field CreateBill.applicantUuid of type uint
[server]2023/03/18 - 13:13:54.728	[31merror[0m	/Users/john/code/reconciliation-system-based-on-blockchain/admin/server/core/server.go:48	accept tcp [::]:8888: use of closed network connection
[server]2023/03/18 - 13:14:13.803	[31merror[0m	/Users/john/code/reconciliation-system-based-on-blockchain/admin/server/api/v1/bill/bill.go:23	Error 1146: Table 'gva.bills' doesn't exist
[server]2023/03/18 - 13:14:18.291	[31merror[0m	/Users/john/code/reconciliation-system-based-on-blockchain/admin/server/api/v1/bill/bill.go:23	Error 1146: Table 'gva.bills' doesn't exist
[server]2023/03/18 - 13:41:53.698	[31merror[0m	/Users/john/code/reconciliation-system-based-on-blockchain/admin/server/core/server.go:48	accept tcp [::]:8888: use of closed network connection
[server]2023/03/18 - 13:46:05.067	[31merror[0m	/Users/john/code/reconciliation-system-based-on-blockchain/admin/server/core/server.go:48	accept tcp [::]:8888: use of closed network connection
[server]2023/03/18 - 13:46:51.987	[31merror[0m	/Users/john/code/reconciliation-system-based-on-blockchain/admin/server/core/server.go:48	accept tcp [::]:8888: use of closed network connection
[server]2023/03/18 - 13:51:20.399	[31merror[0m	/Users/john/code/reconciliation-system-based-on-blockchain/admin/server/core/server.go:48	accept tcp [::]:8888: use of closed network connection
[server]2023/03/18 - 13:55:31.885	[31merror[0m	/Users/john/code/reconciliation-system-based-on-blockchain/admin/server/core/server.go:48	accept tcp [::]:8888: use of closed network connection
[server]2023/03/18 - 13:58:27.504	[31merror[0m	/Users/john/code/reconciliation-system-based-on-blockchain/admin/server/core/server.go:48	accept tcp [::]:8888: use of closed network connection
[server]2023/03/18 - 14:59:14.193	[31merror[0m	/Users/john/code/reconciliation-system-based-on-blockchain/admin/server/api/v1/bill/bill.go:54	Error 1054: Unknown column 'sys_users.applicant' in 'field list'
[server]2023/03/18 - 15:01:47.063	[31merror[0m	/Users/john/code/reconciliation-system-based-on-blockchain/admin/server/api/v1/bill/bill.go:54	Error 1054: Unknown column 'sys_users.applicant' in 'field list'
[server]2023/03/18 - 15:02:03.247	[31merror[0m	/Users/john/code/reconciliation-system-based-on-blockchain/admin/server/api/v1/bill/bill.go:54	Error 1054: Unknown column 'sys_users.applicant' in 'field list'
[server]2023/03/18 - 15:02:14.464	[31merror[0m	/Users/john/code/reconciliation-system-based-on-blockchain/admin/server/api/v1/bill/bill.go:54	Error 1054: Unknown column 'sys_users.applicant' in 'field list'
[server]2023/03/18 - 15:04:22.942	[31merror[0m	/Users/john/code/reconciliation-system-based-on-blockchain/admin/server/core/server.go:48	accept tcp [::]:8888: use of closed network connection
[server]2023/03/18 - 16:18:32.014	[31merror[0m	/Users/john/code/reconciliation-system-based-on-blockchain/admin/server/core/server.go:48	accept tcp [::]:8888: use of closed network connection
[server]2023/03/18 - 16:26:42.482	[31merror[0m	/Users/john/code/reconciliation-system-based-on-blockchain/admin/server/api/v1/bill/bill.go:18	json: cannot unmarshal string into Go struct field CreateBill.applicantId of type uint
[server]2023/03/18 - 16:27:26.539	[31merror[0m	/Users/john/code/reconciliation-system-based-on-blockchain/admin/server/api/v1/bill/bill.go:18	json: cannot unmarshal string into Go struct field CreateBill.applicantId of type uint
[server]2023/03/18 - 16:27:49.279	[31merror[0m	/Users/john/code/reconciliation-system-based-on-blockchain/admin/server/api/v1/bill/bill.go:18	json: cannot unmarshal string into Go struct field CreateBill.applicantId of type uint
[server]2023/03/18 - 16:30:45.136	[31merror[0m	/Users/john/code/reconciliation-system-based-on-blockchain/admin/server/api/v1/bill/bill.go:18	EOF
[server]2023/03/18 - 16:30:46.930	[31merror[0m	/Users/john/code/reconciliation-system-based-on-blockchain/admin/server/api/v1/bill/bill.go:18	EOF
[server]2023/03/18 - 16:30:47.719	[31merror[0m	/Users/john/code/reconciliation-system-based-on-blockchain/admin/server/api/v1/bill/bill.go:18	EOF
[server]2023/03/18 - 16:33:22.087	[31merror[0m	/Users/john/code/reconciliation-system-based-on-blockchain/admin/server/api/v1/bill/bill.go:18	EOF
[server]2023/03/18 - 16:33:39.012	[31merror[0m	/Users/john/code/reconciliation-system-based-on-blockchain/admin/server/api/v1/bill/bill.go:18	json: cannot unmarshal number into Go struct field CreateBill.money of type string
[server]2023/03/18 - 16:34:54.850	[31merror[0m	/Users/john/code/reconciliation-system-based-on-blockchain/admin/server/api/v1/bill/bill.go:18	json: cannot unmarshal string into Go struct field CreateBill.applicantId of type uint
[server]2023/03/18 - 16:35:31.156	[31merror[0m	/Users/john/code/reconciliation-system-based-on-blockchain/admin/server/api/v1/bill/bill.go:18	json: cannot unmarshal string into Go struct field CreateBill.applicantId of type uint
[server]2023/03/18 - 16:35:53.248	[31merror[0m	/Users/john/code/reconciliation-system-based-on-blockchain/admin/server/api/v1/bill/bill.go:18	json: cannot unmarshal string into Go struct field CreateBill.applicantId of type uint
[server]2023/03/18 - 16:46:50.618	[31merror[0m	/Users/john/code/reconciliation-system-based-on-blockchain/admin/server/api/v1/bill/bill.go:18	json: cannot unmarshal string into Go struct field CreateBill.initiator of type uint
[server]2023/03/18 - 16:47:16.875	[31merror[0m	/Users/john/code/reconciliation-system-based-on-blockchain/admin/server/api/v1/bill/bill.go:18	json: cannot unmarshal string into Go struct field CreateBill.initiator of type uint
[server]2023/03/18 - 16:47:50.955	[31merror[0m	/Users/john/code/reconciliation-system-based-on-blockchain/admin/server/core/server.go:48	accept tcp [::]:8888: use of closed network connection
[server]2023/03/18 - 21:19:55.802	[31merror[0m	/Users/john/code/reconciliation-system-based-on-blockchain/admin/server/core/server.go:48	accept tcp [::]:8888: use of closed network connection
[server]2023/03/18 - 21:40:34.379	[31merror[0m	/Users/john/code/reconciliation-system-based-on-blockchain/admin/server/core/server.go:48	accept tcp [::]:8888: use of closed network connection
[server]2023/03/18 - 22:13:17.664	[31merror[0m	/Users/john/code/reconciliation-system-based-on-blockchain/admin/server/core/server.go:48	accept tcp [::]:8888: use of closed network connection
[server]2023/03/18 - 22:28:11.908	[31merror[0m	/Users/john/code/reconciliation-system-based-on-blockchain/admin/server/core/server.go:48	accept tcp [::]:8888: use of closed network connection
[server]2023/03/18 - 22:32:20.240	[31merror[0m	/Users/john/code/reconciliation-system-based-on-blockchain/admin/server/core/server.go:48	accept tcp [::]:8888: use of closed network connection
[server]2023/03/18 - 22:43:14.673	[31merror[0m	/Users/john/code/reconciliation-system-based-on-blockchain/admin/server/api/v1/bill/bill.go:70	json: cannot unmarshal string into Go struct field UpdateBill.applicantId of type uint
[server]2023/03/18 - 22:43:19.952	[31merror[0m	/Users/john/code/reconciliation-system-based-on-blockchain/admin/server/api/v1/bill/bill.go:70	json: cannot unmarshal string into Go struct field UpdateBill.applicantId of type uint
[server]2023/03/18 - 22:43:25.575	[31merror[0m	/Users/john/code/reconciliation-system-based-on-blockchain/admin/server/api/v1/bill/bill.go:70	json: cannot unmarshal string into Go struct field UpdateBill.applicantId of type uint
[server]2023/03/18 - 22:47:13.967	[31merror[0m	/Users/john/code/reconciliation-system-based-on-blockchain/admin/server/api/v1/bill/bill.go:70	json: cannot unmarshal string into Go struct field UpdateBill.applicantId of type uint
[server]2023/03/18 - 22:53:01.116	[31merror[0m	/Users/john/code/reconciliation-system-based-on-blockchain/admin/server/core/server.go:48	accept tcp [::]:8888: use of closed network connection
